Identified Python 3.10.6 at /usr/bin/python3.10
[Bootstrap] Identified pip 22.0.2 from /usr/lib/python3/dist-packages/pip (python 3.10)' at /usr/bin/python3.10 -m pip
[Bootstrap] Identified 'pipenv, version 2022.11.30' at /usr/bin/python3.10 -m pipenv
[Bootstrap] Running '/usr/bin/python3.10 -m pipenv install --python 3.10' to ensure the existence of a virtual environment.
[Bootstrap] This may take a moment.
Installing dependencies from Pipfile.lock (df9bb1)...
To activate this project's virtualenv, run pipenv shell.
Alternatively, run a command inside the virtualenv with pipenv run.
[Bootstrap] Running the script in a virtual environment.
/usr/bin/python3.10 -m pipenv run python3 ./main.py
=== Welcome ===
Error while checking for new results: [Errno 13] Permission denied: '/home/timrpt/Dokumente/BS/bs-sose2023-kraft-ruppert/hu1/.submitscript/data/assignments/shell-basic/submissions/[accepted] f8d3c1f3-051b-40a7-9635-e922e5525484/submission.json'
Please report this issue. You will still be able to submit a solution.
Please review the currently saved information about your team:
 1 - First name: Leon Andre; Last name: Kraft; Matriculation number: 5288953
 2 - First name: Cagkan Arda; Last name: Sengenc; Matriculation number: 5337927
 3 - First name: Tim-Niclas; Last name: Ruppert; Matriculation number: 5309081
Is this information up to date? [Y/n] 
Do you want to submit a solution now? [Y/n] 
=== Submitting ===
Please choose the assignment you want to submit. 
 1 - shell-basic
 2 - shell-advanced
Please enter the id of your selection: 

Selected variant 'bshell' for assignment 'shell-advanced'.
=== Building submission ===
Running 'cmake . && make'.
=== Building submission finished ===
=== Cleaning directory for submission ===
=== Cleaning directory finished ===
=== Starting Upload ===
=== Upload finished ===
=== BEGIN Upload Log
[2023-06-28 15:54:42.205925] Received submission 50629d18-f570-4404-9f5f-ec8bd7164143
[2023-06-28 15:54:42.205981] Ip: 10.192.76.160
[2023-06-28 15:54:42.206005] Team members: [('Kraft', 'Leon Andre', '5288953'), ('Sengenc', 'Cagkan Arda', '5337927'), ('Ruppert', 'Tim-Niclas', '5309081')]
[2023-06-28 15:54:42.306550] Your submission was ACCEPTED for course 'Betriebssysteme-ss23', assignment 'shell-advanced'.
[2023-06-28 15:54:42.306597] Your submission has the id 50629d18-f570-4404-9f5f-ec8bd7164143.
[2023-06-28 15:54:42.306861] This assignment is currently not automatically evaluated.
[2023-06-28 15:54:42.306882] You will receive more information about the evaluation from your lecturer

=== END Upload Log
Successfully submitted your solution. Please see the upload log above for more details.

Do you want to submit another solution? [Y/n] 