[2023-05-31 16:49:58.703188] Bootstrap log:
Identified Python 3.10.6 at /usr/bin/python3.10
[Bootstrap] Identified pip 22.0.2 from /usr/lib/python3/dist-packages/pip (python 3.10)' at /usr/bin/python3.10 -m pip
[Bootstrap] python3 module 'pipenv' is missing.
[Bootstrap] Attempting automated installation of the missing package.
[Bootstrap] I want to run the command '/usr/bin/python3.10 -m pip install pipenv'.
[Bootstrap] Do you want to run this command now? [yN]
[Bootstrap] Running '/usr/bin/python3.10 -m pip install pipenv'
Collecting pipenv
  Downloading pipenv-2023.5.19-py3-none-any.whl (2.9 MB)
     ━━━━━━━━━━━━━━━━━━━━━━━━━━━━━━━━━━━━━━━━ 2.9/2.9 MB 11.4 MB/s eta 0:00:00
Collecting virtualenv-clone>=0.2.5
  Downloading virtualenv_clone-0.5.7-py3-none-any.whl (6.6 kB)
Collecting setuptools>=67.0.0
  Downloading setuptools-67.8.0-py3-none-any.whl (1.1 MB)
     ━━━━━━━━━━━━━━━━━━━━━━━━━━━━━━━━━━━━━━━━ 1.1/1.1 MB 11.1 MB/s eta 0:00:00
Collecting virtualenv>=20.17.1
  Downloading virtualenv-20.23.0-py3-none-any.whl (3.3 MB)
     ━━━━━━━━━━━━━━━━━━━━━━━━━━━━━━━━━━━━━━━━ 3.3/3.3 MB 17.7 MB/s eta 0:00:00
Requirement already satisfied: certifi in /usr/lib/python3/dist-packages (from pipenv) (2020.6.20)
Collecting filelock<4,>=3.11
  Downloading filelock-3.12.0-py3-none-any.whl (10 kB)
Collecting platformdirs<4,>=3.2
  Downloading platformdirs-3.5.1-py3-none-any.whl (15 kB)
Collecting distlib<1,>=0.3.6
  Downloading distlib-0.3.6-py2.py3-none-any.whl (468 kB)
     ━━━━━━━━━━━━━━━━━━━━━━━━━━━━━━━━━━━━━━━━ 468.5/468.5 KB 11.3 MB/s eta 0:00:00
Installing collected packages: distlib, virtualenv-clone, setuptools, platformdirs, filelock, virtualenv, pipenv
  Attempting uninstall: setuptools
    Found existing installation: setuptools 59.6.0
    Not uninstalling setuptools at /usr/lib/python3/dist-packages, outside environment /usr
    Can't uninstall 'setuptools'. No files were found to uninstall.
Successfully installed distlib-0.3.6 filelock-3.12.0 pipenv-2023.5.19 platformdirs-3.5.1 setuptools-67.8.0 virtualenv-20.23.0 virtualenv-clone-0.5.7
WARNING: Running pip as the 'root' user can result in broken permissions and conflicting behaviour with the system package manager. It is recommended to use a virtual environment instead: https://pip.pypa.io/warnings/venv
[Bootstrap] Automated python package installation successful.
[Bootstrap] Identified 'pipenv, version 2023.5.19' at /usr/bin/python3.10 -m pipenv
[Bootstrap] Running '/usr/bin/python3.10 -m pipenv install --python 3.10' to ensure the existence of a virtual environment.
[Bootstrap] This may take a moment.
Creating a virtualenv for this project...
Pipfile: /home/timrpt/Dokumente/BS/bs-sose2023-kraft-ruppert/hu1/.submitscript/src/Pipfile
Using /usr/bin/python3 (3.10.6) to create virtualenv...
created virtual environment CPython3.10.6.final.0-64 in 1270ms
  creator CPython3Posix(dest=/root/.local/share/virtualenvs/src-gCTqhySa, clear=False, no_vcs_ignore=False, global=False)
  seeder FromAppData(download=False, pip=bundle, setuptools=bundle, wheel=bundle, via=copy, app_data_dir=/root/.local/share/virtualenv)
    added seed packages: pip==23.1.2, setuptools==67.7.2, wheel==0.40.0
  activators BashActivator,CShellActivator,FishActivator,NushellActivator,PowerShellActivator,PythonActivator

✔ Successfully created virtual environment!
Virtualenv location: /root/.local/share/virtualenvs/src-gCTqhySa
Installing dependencies from Pipfile.lock (df9bb1)...
To activate this project's virtualenv, run pipenv shell.
Alternatively, run a command inside the virtualenv with pipenv run.
[Bootstrap] Running the script in a virtual environment.
/usr/bin/python3.10 -m pipenv run python3 ./main.py

[2023-05-31 16:49:58.703300] === Welcome ===
[2023-05-31 16:49:58.725797] Please review the currently saved information about your team:
[2023-05-31 16:49:58.726122]  1 - First name: Leon Andre; Last name: Kraft; Matriculation number: 5288953
[2023-05-31 16:49:58.726173]  2 - First name: Cagkan Arda; Last name: Sengenc; Matriculation number: 5337927
[2023-05-31 16:49:58.726202]  3 - First name: Tim-Niclas; Last name: Ruppert; Matriculation number: 5309081
[2023-05-31 16:50:00.998736] 
[2023-05-31 16:50:02.776515] 
[2023-05-31 16:50:02.776650] === Submitting ===
[2023-05-31 16:50:04.851205] 
[2023-05-31 16:50:04.851837] 
[2023-05-31 16:50:04.851911] Selected variant 'bshell' for assignment 'shell-basic'.
[2023-05-31 16:50:04.898192] === Building submission ===
[2023-05-31 16:50:04.898302] Running 'cmake . && make'.
[2023-05-31 16:50:04.898342] === Building submission finished ===
[2023-05-31 16:50:09.194714] === Cleaning directory for submission ===
[2023-05-31 16:50:09.217693] === Cleaning directory finished ===
[2023-05-31 16:50:09.349614] === Starting Upload ===
[2023-05-31 16:50:09.413231] === Upload finished ===
[2023-05-31 16:50:09.413308] === BEGIN Upload Log
[2023-05-31 16:50:09.413346] [2023-05-31 16:50:09.360537] Received submission f8d3c1f3-051b-40a7-9635-e922e5525484
[2023-05-31 16:50:09.360618] Ip: 10.192.76.160
[2023-05-31 16:50:09.360675] Team members: [('Kraft', 'Leon Andre', '5288953'), ('Sengenc', 'Cagkan Arda', '5337927'), ('Ruppert', 'Tim-Niclas', '5309081')]
[2023-05-31 16:50:09.385527] Your submission was ACCEPTED for course 'Betriebssysteme-ss23', assignment 'shell-basic'.
[2023-05-31 16:50:09.385743] Your submission has the id f8d3c1f3-051b-40a7-9635-e922e5525484.
[2023-05-31 16:50:09.386194] This assignment is currently not automatically evaluated.
[2023-05-31 16:50:09.386356] You will receive more information about the evaluation from your lecturer

[2023-05-31 16:50:09.413383] === END Upload Log
[2023-05-31 16:50:09.413411] Successfully submitted your solution. Please see the upload log above for more details.
[2023-05-31 16:50:09.415089] 
