[2023-06-28 15:54:25.251940] Bootstrap log:
Identified Python 3.10.6 at /usr/bin/python3.10
[Bootstrap] Identified pip 22.0.2 from /usr/lib/python3/dist-packages/pip (python 3.10)' at /usr/bin/python3.10 -m pip
[Bootstrap] Identified 'pipenv, version 2022.11.30' at /usr/bin/python3.10 -m pipenv
[Bootstrap] Running '/usr/bin/python3.10 -m pipenv install --python 3.10' to ensure the existence of a virtual environment.
[Bootstrap] This may take a moment.
Installing dependencies from Pipfile.lock (df9bb1)...
To activate this project's virtualenv, run pipenv shell.
Alternatively, run a command inside the virtualenv with pipenv run.
[Bootstrap] Running the script in a virtual environment.
/usr/bin/python3.10 -m pipenv run python3 ./main.py

[2023-06-28 15:54:25.251983] === Welcome ===
[2023-06-28 15:54:25.350024] Error: Traceback (most recent call last):
  File "/home/timrpt/Dokumente/BS/bs-sose2023-kraft-ruppert/hu1/.submitscript/src/submitscript/submit.py", line 26, in check_for_new_results
    if submission.check_for_evaluation_results():
  File "/home/timrpt/Dokumente/BS/bs-sose2023-kraft-ruppert/hu1/.submitscript/src/submitscript/data/submission.py", line 150, in check_for_evaluation_results
    self.submission_data.set(self.get_backend().get(True))
  File "/home/timrpt/Dokumente/BS/bs-sose2023-kraft-ruppert/hu1/.submitscript/src/submitscript/util/properties.py", line 100, in set
    self.base_property.set(value)
  File "/home/timrpt/Dokumente/BS/bs-sose2023-kraft-ruppert/hu1/.submitscript/src/submitscript/util/properties.py", line 80, in set
    self.base_property.set(map_optional(value, lambda v: json.dumps(v.serialize() if self.serialized_type is not None else v, indent=4, sort_keys=True)))
  File "/home/timrpt/Dokumente/BS/bs-sose2023-kraft-ruppert/hu1/.submitscript/src/submitscript/util/properties.py", line 50, in set
    with open(self.path, "w") as f:
PermissionError: [Errno 13] Permission denied: '/home/timrpt/Dokumente/BS/bs-sose2023-kraft-ruppert/hu1/.submitscript/data/assignments/shell-basic/submissions/[accepted] f8d3c1f3-051b-40a7-9635-e922e5525484/submission.json'

[2023-06-28 15:54:25.350073] Error while checking for new results: [Errno 13] Permission denied: '/home/timrpt/Dokumente/BS/bs-sose2023-kraft-ruppert/hu1/.submitscript/data/assignments/shell-basic/submissions/[accepted] f8d3c1f3-051b-40a7-9635-e922e5525484/submission.json'
[2023-06-28 15:54:25.350085] Please report this issue. You will still be able to submit a solution.
[2023-06-28 15:54:25.350131] Please review the currently saved information about your team:
[2023-06-28 15:54:25.350502]  1 - First name: Leon Andre; Last name: Kraft; Matriculation number: 5288953
[2023-06-28 15:54:25.350525]  2 - First name: Cagkan Arda; Last name: Sengenc; Matriculation number: 5337927
[2023-06-28 15:54:25.350554]  3 - First name: Tim-Niclas; Last name: Ruppert; Matriculation number: 5309081
[2023-06-28 15:54:32.723897] 
[2023-06-28 15:54:35.747333] 
[2023-06-28 15:54:35.747452] === Submitting ===
[2023-06-28 15:54:38.177102] 
[2023-06-28 15:54:38.177695] 
[2023-06-28 15:54:38.177791] Selected variant 'bshell' for assignment 'shell-advanced'.
[2023-06-28 15:54:38.354025] === Building submission ===
[2023-06-28 15:54:38.354111] Running 'cmake . && make'.
[2023-06-28 15:54:38.354128] === Building submission finished ===
[2023-06-28 15:54:41.408405] === Cleaning directory for submission ===
[2023-06-28 15:54:41.413991] === Cleaning directory finished ===
[2023-06-28 15:54:41.448510] === Starting Upload ===
[2023-06-28 15:54:41.607070] === Upload finished ===
[2023-06-28 15:54:41.607152] === BEGIN Upload Log
[2023-06-28 15:54:41.607191] [2023-06-28 15:54:42.205925] Received submission 50629d18-f570-4404-9f5f-ec8bd7164143
[2023-06-28 15:54:42.205981] Ip: 10.192.76.160
[2023-06-28 15:54:42.206005] Team members: [('Kraft', 'Leon Andre', '5288953'), ('Sengenc', 'Cagkan Arda', '5337927'), ('Ruppert', 'Tim-Niclas', '5309081')]
[2023-06-28 15:54:42.306550] Your submission was ACCEPTED for course 'Betriebssysteme-ss23', assignment 'shell-advanced'.
[2023-06-28 15:54:42.306597] Your submission has the id 50629d18-f570-4404-9f5f-ec8bd7164143.
[2023-06-28 15:54:42.306861] This assignment is currently not automatically evaluated.
[2023-06-28 15:54:42.306882] You will receive more information about the evaluation from your lecturer

[2023-06-28 15:54:41.607256] === END Upload Log
[2023-06-28 15:54:41.607292] Successfully submitted your solution. Please see the upload log above for more details.
[2023-06-28 15:54:41.609455] 
