[2023-05-31 16:46:51.502265] Bootstrap log:
Identified Python 3.10.6 at /usr/bin/python3.10
[Bootstrap] Identified pip 22.0.2 from /usr/lib/python3/dist-packages/pip (python 3.10)' at /usr/bin/python3.10 -m pip
[Bootstrap] Identified 'pipenv, version 2022.11.30' at /usr/bin/python3.10 -m pipenv
[Bootstrap] Running '/usr/bin/python3.10 -m pipenv install --python 3.10' to ensure the existence of a virtual environment.
[Bootstrap] This may take a moment.
Installing dependencies from Pipfile.lock (df9bb1)...
To activate this project's virtualenv, run pipenv shell.
Alternatively, run a command inside the virtualenv with pipenv run.
[Bootstrap] Running the script in a virtual environment.
/usr/bin/python3.10 -m pipenv run python3 ./main.py

[2023-05-31 16:46:51.502528] === Welcome ===
[2023-05-31 16:46:51.528794] There is no team.json saved yet. You will need to provide information about your team before you can submit solutions.
[2023-05-31 16:46:51.528879] A new team.json will now be created.

[2023-05-31 16:46:51.528917] Please enter details of team member 1.
[2023-05-31 16:47:12.848219] 
[2023-05-31 16:47:12.848336] First name: Leon Andre; Last name: Kraft; Matriculation number: 5288953
[2023-05-31 16:47:18.821244] Please enter details of team member 2.
[2023-05-31 16:47:41.442340] 
[2023-05-31 16:47:41.442464] First name: Cagkan Arda; Last name: Sengenc; Matriculation number: 5337927
[2023-05-31 16:47:47.206914] Please enter details of team member 3.
[2023-05-31 16:47:57.641177] 
[2023-05-31 16:47:57.641298] First name: Tim-Niclas; Last name: Ruppert; Matriculation number: 5309081
[2023-05-31 16:47:59.260748] team.json successfully created.

[2023-05-31 16:48:01.947921] 
[2023-05-31 16:48:01.948049] === Submitting ===
[2023-05-31 16:48:04.488974] 
[2023-05-31 16:48:04.489659] 
[2023-05-31 16:48:04.490247] Selected variant 'bshell' for assignment 'shell-basic'.
